3.987307
2.978560
3.903072
3.642613
3.862444
3.119888
3.682213
3.762980
2.458523
3.977103
3.550008
3.995629
3.827860
3.999985
3.592976
3.954719
3.983580
3.741875
3.937039
3.618070
3.356777
3.478586
3.298687
3.963976
3.705141
3.888595
3.658654
2.412281
3.845578
3.815587
3.249593
3.969574
3.089677
3.039207
3.999258
3.279117
3.139985
2.797464
3.219890
2.767573
3.008886
3.944445
3.796506
3.451050
3.925107
3.327856
3.575955
2.659105
2.357646
2.958348
2.610497
3.997443
3.912204
2.639604
2.384844
2.897799
2.928053
3.505727
3.170051
2.083380
2.688491
2.847515
2.339648
2.718031
2.533786
2.019550
2.067241
2.043259
2.242650
3.432488
3.720062
3.059409
3.992007
2.486568
2.312858
2.132518
3.404357
2.562391
2.505385
2.938147
3.873203
3.776643
2.107814
3.523588
3.337525
2.216795
2.174287
2.817452
2.199704
2.581571
3.375908
3.851296
3.998774
2.737804
2.051223
2.286318
3.200000
2.430702
2.149136
2.877662
3.385425
3.180048
2.268765
3.756025
3.957918
3.898349
3.893523
3.674428
3.988993
3.626314
3.460271
3.951407
3.734681
3.697570
3.974710
3.878434
2.116018
3.394908
3.689927
2.988668
3.999985
3.947982
3.993334
3.802954
2.747713
3.018995
3.940798
3.839765
3.423148
3.634495
3.789970
3.727410
3.558711
3.907690
3.916611
3.933171
3.099755
2.698321
3.990560
3.532445
3.999622
3.666575
3.994542
3.259456
3.160041
3.783349
3.979380
3.609765
3.999864
2.620180
2.827463
3.996596
3.883565
2.295136
2.393963
3.920913
2.968453
3.856918
2.787488
3.514682
2.157490
3.079593
3.981539
3.998169
2.757636
3.584494
2.514829
3.269297
3.318159
3.961004
3.867873
3.150019
2.234003
2.708168
3.712639
3.069503
2.998777
2.948246
3.229810
2.449224
3.966832
3.601400
3.541252
3.029102
3.972200
3.239711
2.907878
2.917963
2.807452
3.413771
3.567360
3.441789
2.600834
3.487678
3.347166
2.375751
3.769853
2.678678
3.929193
2.403109
3.985503
2.303983
2.321760
3.809315
3.821769
2.035326
2.124253
3.209953
2.330690
3.129941
2.366685
3.288914
2.571970
3.049310
2.495965
3.650667
3.308436
2.467847
2.887727
2.591192
2.543299
3.496726
3.469450
3.748990
2.837484
2.857555
3.833859
2.165874
3.109825
2.524296
3.190031
2.439950
2.552834
2.182730
2.251327
2.260032
2.727910
2.777524
3.366358
2.027423
2.668882
2.091494
2.208235
2.348633
2.277527
2.225385
2.867605
2.191202
2.477196
2.099639
2.075295
2.140812
2.649345
2.629882
2.421478
2.059217
2.011707
